CRITICAL - 2022-03-03 11:37:32 -->  route cannot be found while reverse-routing.
#0 D:\Soft\xamp\htdocs\bankapp\system\HTTP\RedirectResponse.php(56): CodeIgniter\HTTP\Exceptions\HTTPException::forInvalidRedirectRoute('')
#1 D:\Soft\xamp\htdocs\bankapp\app\Controllers\Login.php(32): CodeIgniter\HTTP\RedirectResponse->route(false)
#2 D:\Soft\xamp\htdocs\bankapp\app\Controllers\Login.php(18): App\Controllers\Login->RegisterUser()
#3 D:\Soft\xamp\htdocs\bankapp\system\CodeIgniter.php(832): App\Controllers\Login->index()
#4 D:\Soft\xamp\htdocs\bankapp\system\CodeIgniter.php(419): CodeIgniter\CodeIgniter->runController(Object(App\Controllers\Login))
#5 D:\Soft\xamp\htdocs\bankapp\system\CodeIgniter.php(326): CodeIgniter\CodeIgniter->handleRequest(NULL, Object(Config\Cache), false)
#6 D:\Soft\xamp\htdocs\bankapp\index.php(37): CodeIgniter\CodeIgniter->run()
#7 {main}
CRITICAL - 2022-03-03 11:38:10 -->  route cannot be found while reverse-routing.
#0 D:\Soft\xamp\htdocs\bankapp\system\HTTP\RedirectResponse.php(56): CodeIgniter\HTTP\Exceptions\HTTPException::forInvalidRedirectRoute('')
#1 D:\Soft\xamp\htdocs\bankapp\app\Controllers\Login.php(32): CodeIgniter\HTTP\RedirectResponse->route(false)
#2 D:\Soft\xamp\htdocs\bankapp\app\Controllers\Login.php(18): App\Controllers\Login->RegisterUser()
#3 D:\Soft\xamp\htdocs\bankapp\system\CodeIgniter.php(832): App\Controllers\Login->index()
#4 D:\Soft\xamp\htdocs\bankapp\system\CodeIgniter.php(419): CodeIgniter\CodeIgniter->runController(Object(App\Controllers\Login))
#5 D:\Soft\xamp\htdocs\bankapp\system\CodeIgniter.php(326): CodeIgniter\CodeIgniter->handleRequest(NULL, Object(Config\Cache), false)
#6 D:\Soft\xamp\htdocs\bankapp\index.php(37): CodeIgniter\CodeIgniter->run()
#7 {main}
CRITICAL - 2022-03-03 11:38:11 -->  route cannot be found while reverse-routing.
#0 D:\Soft\xamp\htdocs\bankapp\system\HTTP\RedirectResponse.php(56): CodeIgniter\HTTP\Exceptions\HTTPException::forInvalidRedirectRoute('')
#1 D:\Soft\xamp\htdocs\bankapp\app\Controllers\Login.php(32): CodeIgniter\HTTP\RedirectResponse->route(false)
#2 D:\Soft\xamp\htdocs\bankapp\app\Controllers\Login.php(18): App\Controllers\Login->RegisterUser()
#3 D:\Soft\xamp\htdocs\bankapp\system\CodeIgniter.php(832): App\Controllers\Login->index()
#4 D:\Soft\xamp\htdocs\bankapp\system\CodeIgniter.php(419): CodeIgniter\CodeIgniter->runController(Object(App\Controllers\Login))
#5 D:\Soft\xamp\htdocs\bankapp\system\CodeIgniter.php(326): CodeIgniter\CodeIgniter->handleRequest(NULL, Object(Config\Cache), false)
#6 D:\Soft\xamp\htdocs\bankapp\index.php(37): CodeIgniter\CodeIgniter->run()
#7 {main}
CRITICAL - 2022-03-03 11:38:48 -->  route cannot be found while reverse-routing.
#0 D:\Soft\xamp\htdocs\bankapp\system\HTTP\RedirectResponse.php(56): CodeIgniter\HTTP\Exceptions\HTTPException::forInvalidRedirectRoute('')
#1 D:\Soft\xamp\htdocs\bankapp\app\Controllers\Login.php(32): CodeIgniter\HTTP\RedirectResponse->route(false)
#2 D:\Soft\xamp\htdocs\bankapp\app\Controllers\Login.php(18): App\Controllers\Login->RegisterUser()
#3 D:\Soft\xamp\htdocs\bankapp\system\CodeIgniter.php(832): App\Controllers\Login->index()
#4 D:\Soft\xamp\htdocs\bankapp\system\CodeIgniter.php(419): CodeIgniter\CodeIgniter->runController(Object(App\Controllers\Login))
#5 D:\Soft\xamp\htdocs\bankapp\system\CodeIgniter.php(326): CodeIgniter\CodeIgniter->handleRequest(NULL, Object(Config\Cache), false)
#6 D:\Soft\xamp\htdocs\bankapp\index.php(37): CodeIgniter\CodeIgniter->run()
#7 {main}
CRITICAL - 2022-03-03 11:38:57 -->  route cannot be found while reverse-routing.
#0 D:\Soft\xamp\htdocs\bankapp\system\HTTP\RedirectResponse.php(56): CodeIgniter\HTTP\Exceptions\HTTPException::forInvalidRedirectRoute('')
#1 D:\Soft\xamp\htdocs\bankapp\app\Controllers\Login.php(32): CodeIgniter\HTTP\RedirectResponse->route(false)
#2 D:\Soft\xamp\htdocs\bankapp\app\Controllers\Login.php(18): App\Controllers\Login->RegisterUser()
#3 D:\Soft\xamp\htdocs\bankapp\system\CodeIgniter.php(832): App\Controllers\Login->index()
#4 D:\Soft\xamp\htdocs\bankapp\system\CodeIgniter.php(419): CodeIgniter\CodeIgniter->runController(Object(App\Controllers\Login))
#5 D:\Soft\xamp\htdocs\bankapp\system\CodeIgniter.php(326): CodeIgniter\CodeIgniter->handleRequest(NULL, Object(Config\Cache), false)
#6 D:\Soft\xamp\htdocs\bankapp\index.php(37): CodeIgniter\CodeIgniter->run()
#7 {main}
CRITICAL - 2022-03-03 11:39:02 --> Too few arguments to function CodeIgniter\HTTP\RedirectResponse::route(), 0 passed in D:\Soft\xamp\htdocs\bankapp\app\Controllers\Login.php on line 32 and at least 1 expected
#0 D:\Soft\xamp\htdocs\bankapp\app\Controllers\Login.php(32): CodeIgniter\HTTP\RedirectResponse->route()
#1 D:\Soft\xamp\htdocs\bankapp\app\Controllers\Login.php(18): App\Controllers\Login->RegisterUser()
#2 D:\Soft\xamp\htdocs\bankapp\system\CodeIgniter.php(832): App\Controllers\Login->index()
#3 D:\Soft\xamp\htdocs\bankapp\system\CodeIgniter.php(419): CodeIgniter\CodeIgniter->runController(Object(App\Controllers\Login))
#4 D:\Soft\xamp\htdocs\bankapp\system\CodeIgniter.php(326): CodeIgniter\CodeIgniter->handleRequest(NULL, Object(Config\Cache), false)
#5 D:\Soft\xamp\htdocs\bankapp\index.php(37): CodeIgniter\CodeIgniter->run()
#6 {main}
CRITICAL - 2022-03-03 11:39:07 -->  route cannot be found while reverse-routing.
#0 D:\Soft\xamp\htdocs\bankapp\system\HTTP\RedirectResponse.php(56): CodeIgniter\HTTP\Exceptions\HTTPException::forInvalidRedirectRoute('')
#1 D:\Soft\xamp\htdocs\bankapp\app\Controllers\Login.php(32): CodeIgniter\HTTP\RedirectResponse->route(false)
#2 D:\Soft\xamp\htdocs\bankapp\app\Controllers\Login.php(18): App\Controllers\Login->RegisterUser()
#3 D:\Soft\xamp\htdocs\bankapp\system\CodeIgniter.php(832): App\Controllers\Login->index()
#4 D:\Soft\xamp\htdocs\bankapp\system\CodeIgniter.php(419): CodeIgniter\CodeIgniter->runController(Object(App\Controllers\Login))
#5 D:\Soft\xamp\htdocs\bankapp\system\CodeIgniter.php(326): CodeIgniter\CodeIgniter->handleRequest(NULL, Object(Config\Cache), false)
#6 D:\Soft\xamp\htdocs\bankapp\index.php(37): CodeIgniter\CodeIgniter->run()
#7 {main}
CRITICAL - 2022-03-03 11:44:06 --> Undefined property: CodeIgniter\Router\Router::$load
#0 D:\Soft\xamp\htdocs\bankapp\app\Controllers\Login.php(5): CodeIgniter\Debug\Exceptions->errorHandler(8, 'Undefined prope...', 'D:\\Soft\\xamp\\ht...', 5, Array)
#1 D:\Soft\xamp\htdocs\bankapp\system\Router\Router.php(518): include_once('D:\\Soft\\xamp\\ht...')
#2 D:\Soft\xamp\htdocs\bankapp\system\Router\Router.php(175): CodeIgniter\Router\Router->autoRoute('login')
#3 D:\Soft\xamp\htdocs\bankapp\system\CodeIgniter.php(726): CodeIgniter\Router\Router->handle('login')
#4 D:\Soft\xamp\htdocs\bankapp\system\CodeIgniter.php(368): CodeIgniter\CodeIgniter->tryToRouteIt(Object(CodeIgniter\Router\RouteCollection))
#5 D:\Soft\xamp\htdocs\bankapp\system\CodeIgniter.php(326): CodeIgniter\CodeIgniter->handleRequest(NULL, Object(Config\Cache), false)
#6 D:\Soft\xamp\htdocs\bankapp\index.php(37): CodeIgniter\CodeIgniter->run()
#7 {main}
CRITICAL - 2022-03-03 12:08:41 --> Undefined property: App\Controllers\Dashboard::$session
#0 D:\Soft\xamp\htdocs\bankapp\app\Controllers\Dashboard.php(10): CodeIgniter\Debug\Exceptions->errorHandler(8, 'Undefined prope...', 'D:\\Soft\\xamp\\ht...', 10, Array)
#1 D:\Soft\xamp\htdocs\bankapp\system\CodeIgniter.php(832): App\Controllers\Dashboard->index()
#2 D:\Soft\xamp\htdocs\bankapp\system\CodeIgniter.php(419): CodeIgniter\CodeIgniter->runController(Object(App\Controllers\Dashboard))
#3 D:\Soft\xamp\htdocs\bankapp\system\CodeIgniter.php(326): CodeIgniter\CodeIgniter->handleRequest(NULL, Object(Config\Cache), false)
#4 D:\Soft\xamp\htdocs\bankapp\index.php(37): CodeIgniter\CodeIgniter->run()
#5 {main}
CRITICAL - 2022-03-03 12:13:21 --> Undefined property: App\Controllers\Dashboard::$session
#0 D:\Soft\xamp\htdocs\bankapp\app\Controllers\Dashboard.php(10): CodeIgniter\Debug\Exceptions->errorHandler(8, 'Undefined prope...', 'D:\\Soft\\xamp\\ht...', 10, Array)
#1 D:\Soft\xamp\htdocs\bankapp\system\CodeIgniter.php(832): App\Controllers\Dashboard->index()
#2 D:\Soft\xamp\htdocs\bankapp\system\CodeIgniter.php(419): CodeIgniter\CodeIgniter->runController(Object(App\Controllers\Dashboard))
#3 D:\Soft\xamp\htdocs\bankapp\system\CodeIgniter.php(326): CodeIgniter\CodeIgniter->handleRequest(NULL, Object(Config\Cache), false)
#4 D:\Soft\xamp\htdocs\bankapp\index.php(37): CodeIgniter\CodeIgniter->run()
#5 {main}
CRITICAL - 2022-03-03 13:08:32 --> syntax error, unexpected '$data' (T_VARIABLE)
#0 D:\Soft\xamp\htdocs\bankapp\system\Router\Router.php(175): CodeIgniter\Router\Router->autoRoute('dashboard')
#1 D:\Soft\xamp\htdocs\bankapp\system\CodeIgniter.php(726): CodeIgniter\Router\Router->handle('dashboard')
#2 D:\Soft\xamp\htdocs\bankapp\system\CodeIgniter.php(368): CodeIgniter\CodeIgniter->tryToRouteIt(Object(CodeIgniter\Router\RouteCollection))
#3 D:\Soft\xamp\htdocs\bankapp\system\CodeIgniter.php(326): CodeIgniter\CodeIgniter->handleRequest(NULL, Object(Config\Cache), false)
#4 D:\Soft\xamp\htdocs\bankapp\index.php(37): CodeIgniter\CodeIgniter->run()
#5 {main}
CRITICAL - 2022-03-03 13:09:14 --> syntax error, unexpected '$data' (T_VARIABLE)
#0 D:\Soft\xamp\htdocs\bankapp\system\Router\Router.php(175): CodeIgniter\Router\Router->autoRoute('dashboard')
#1 D:\Soft\xamp\htdocs\bankapp\system\CodeIgniter.php(726): CodeIgniter\Router\Router->handle('dashboard')
#2 D:\Soft\xamp\htdocs\bankapp\system\CodeIgniter.php(368): CodeIgniter\CodeIgniter->tryToRouteIt(Object(CodeIgniter\Router\RouteCollection))
#3 D:\Soft\xamp\htdocs\bankapp\system\CodeIgniter.php(326): CodeIgniter\CodeIgniter->handleRequest(NULL, Object(Config\Cache), false)
#4 D:\Soft\xamp\htdocs\bankapp\index.php(37): CodeIgniter\CodeIgniter->run()
#5 {main}
CRITICAL - 2022-03-03 13:10:43 --> Undefined index: user_name
#0 D:\Soft\xamp\htdocs\bankapp\app\Controllers\Dashboard.php(12): CodeIgniter\Debug\Exceptions->errorHandler(8, 'Undefined index...', 'D:\\Soft\\xamp\\ht...', 12, Array)
#1 D:\Soft\xamp\htdocs\bankapp\system\CodeIgniter.php(832): App\Controllers\Dashboard->index()
#2 D:\Soft\xamp\htdocs\bankapp\system\CodeIgniter.php(419): CodeIgniter\CodeIgniter->runController(Object(App\Controllers\Dashboard))
#3 D:\Soft\xamp\htdocs\bankapp\system\CodeIgniter.php(326): CodeIgniter\CodeIgniter->handleRequest(NULL, Object(Config\Cache), false)
#4 D:\Soft\xamp\htdocs\bankapp\index.php(37): CodeIgniter\CodeIgniter->run()
#5 {main}
CRITICAL - 2022-03-03 13:12:31 --> Undefined index: user_name
#0 D:\Soft\xamp\htdocs\bankapp\app\Controllers\Dashboard.php(12): CodeIgniter\Debug\Exceptions->errorHandler(8, 'Undefined index...', 'D:\\Soft\\xamp\\ht...', 12, Array)
#1 D:\Soft\xamp\htdocs\bankapp\system\CodeIgniter.php(832): App\Controllers\Dashboard->index()
#2 D:\Soft\xamp\htdocs\bankapp\system\CodeIgniter.php(419): CodeIgniter\CodeIgniter->runController(Object(App\Controllers\Dashboard))
#3 D:\Soft\xamp\htdocs\bankapp\system\CodeIgniter.php(326): CodeIgniter\CodeIgniter->handleRequest(NULL, Object(Config\Cache), false)
#4 D:\Soft\xamp\htdocs\bankapp\index.php(37): CodeIgniter\CodeIgniter->run()
#5 {main}
CRITICAL - 2022-03-03 13:16:34 --> Undefined index: user_name
#0 D:\Soft\xamp\htdocs\bankapp\app\Controllers\Dashboard.php(12): CodeIgniter\Debug\Exceptions->errorHandler(8, 'Undefined index...', 'D:\\Soft\\xamp\\ht...', 12, Array)
#1 D:\Soft\xamp\htdocs\bankapp\system\CodeIgniter.php(832): App\Controllers\Dashboard->index()
#2 D:\Soft\xamp\htdocs\bankapp\system\CodeIgniter.php(419): CodeIgniter\CodeIgniter->runController(Object(App\Controllers\Dashboard))
#3 D:\Soft\xamp\htdocs\bankapp\system\CodeIgniter.php(326): CodeIgniter\CodeIgniter->handleRequest(NULL, Object(Config\Cache), false)
#4 D:\Soft\xamp\htdocs\bankapp\index.php(37): CodeIgniter\CodeIgniter->run()
#5 {main}
CRITICAL - 2022-03-03 13:16:38 --> Undefined index: user_name
#0 D:\Soft\xamp\htdocs\bankapp\app\Controllers\Dashboard.php(12): CodeIgniter\Debug\Exceptions->errorHandler(8, 'Undefined index...', 'D:\\Soft\\xamp\\ht...', 12, Array)
#1 D:\Soft\xamp\htdocs\bankapp\system\CodeIgniter.php(832): App\Controllers\Dashboard->index()
#2 D:\Soft\xamp\htdocs\bankapp\system\CodeIgniter.php(419): CodeIgniter\CodeIgniter->runController(Object(App\Controllers\Dashboard))
#3 D:\Soft\xamp\htdocs\bankapp\system\CodeIgniter.php(326): CodeIgniter\CodeIgniter->handleRequest(NULL, Object(Config\Cache), false)
#4 D:\Soft\xamp\htdocs\bankapp\index.php(37): CodeIgniter\CodeIgniter->run()
#5 {main}
CRITICAL - 2022-03-03 13:16:38 --> Undefined index: user_name
#0 D:\Soft\xamp\htdocs\bankapp\app\Controllers\Dashboard.php(12): CodeIgniter\Debug\Exceptions->errorHandler(8, 'Undefined index...', 'D:\\Soft\\xamp\\ht...', 12, Array)
#1 D:\Soft\xamp\htdocs\bankapp\system\CodeIgniter.php(832): App\Controllers\Dashboard->index()
#2 D:\Soft\xamp\htdocs\bankapp\system\CodeIgniter.php(419): CodeIgniter\CodeIgniter->runController(Object(App\Controllers\Dashboard))
#3 D:\Soft\xamp\htdocs\bankapp\system\CodeIgniter.php(326): CodeIgniter\CodeIgniter->handleRequest(NULL, Object(Config\Cache), false)
#4 D:\Soft\xamp\htdocs\bankapp\index.php(37): CodeIgniter\CodeIgniter->run()
#5 {main}
CRITICAL - 2022-03-03 14:16:25 --> Trying to get property 'uder_id' of non-object
#0 D:\Soft\xamp\htdocs\bankapp\app\Controllers\Login.php(81): CodeIgniter\Debug\Exceptions->errorHandler(8, 'Trying to get p...', 'D:\\Soft\\xamp\\ht...', 81, Array)
#1 D:\Soft\xamp\htdocs\bankapp\app\Controllers\Login.php(26): App\Controllers\Login->LoginUser()
#2 D:\Soft\xamp\htdocs\bankapp\system\CodeIgniter.php(832): App\Controllers\Login->index()
#3 D:\Soft\xamp\htdocs\bankapp\system\CodeIgniter.php(419): CodeIgniter\CodeIgniter->runController(Object(App\Controllers\Login))
#4 D:\Soft\xamp\htdocs\bankapp\system\CodeIgniter.php(326): CodeIgniter\CodeIgniter->handleRequest(NULL, Object(Config\Cache), false)
#5 D:\Soft\xamp\htdocs\bankapp\index.php(37): CodeIgniter\CodeIgniter->run()
#6 {main}
CRITICAL - 2022-03-03 14:20:38 --> Cannot use object of type stdClass as array
#0 D:\Soft\xamp\htdocs\bankapp\app\Controllers\Login.php(26): App\Controllers\Login->LoginUser()
#1 D:\Soft\xamp\htdocs\bankapp\system\CodeIgniter.php(832): App\Controllers\Login->index()
#2 D:\Soft\xamp\htdocs\bankapp\system\CodeIgniter.php(419): CodeIgniter\CodeIgniter->runController(Object(App\Controllers\Login))
#3 D:\Soft\xamp\htdocs\bankapp\system\CodeIgniter.php(326): CodeIgniter\CodeIgniter->handleRequest(NULL, Object(Config\Cache), false)
#4 D:\Soft\xamp\htdocs\bankapp\index.php(37): CodeIgniter\CodeIgniter->run()
#5 {main}
CRITICAL - 2022-03-03 14:20:53 --> Undefined property: stdClass::$uder_id
#0 D:\Soft\xamp\htdocs\bankapp\app\Controllers\Login.php(86): CodeIgniter\Debug\Exceptions->errorHandler(8, 'Undefined prope...', 'D:\\Soft\\xamp\\ht...', 86, Array)
#1 D:\Soft\xamp\htdocs\bankapp\app\Controllers\Login.php(26): App\Controllers\Login->LoginUser()
#2 D:\Soft\xamp\htdocs\bankapp\system\CodeIgniter.php(832): App\Controllers\Login->index()
#3 D:\Soft\xamp\htdocs\bankapp\system\CodeIgniter.php(419): CodeIgniter\CodeIgniter->runController(Object(App\Controllers\Login))
#4 D:\Soft\xamp\htdocs\bankapp\system\CodeIgniter.php(326): CodeIgniter\CodeIgniter->handleRequest(NULL, Object(Config\Cache), false)
#5 D:\Soft\xamp\htdocs\bankapp\index.php(37): CodeIgniter\CodeIgniter->run()
#6 {main}
CRITICAL - 2022-03-03 15:13:13 --> Class 'App\Controllers\userdb' not found
#0 D:\Soft\xamp\htdocs\bankapp\system\CodeIgniter.php(832): App\Controllers\Dashboard->index()
#1 D:\Soft\xamp\htdocs\bankapp\system\CodeIgniter.php(419): CodeIgniter\CodeIgniter->runController(Object(App\Controllers\Dashboard))
#2 D:\Soft\xamp\htdocs\bankapp\system\CodeIgniter.php(326): CodeIgniter\CodeIgniter->handleRequest(NULL, Object(Config\Cache), false)
#3 D:\Soft\xamp\htdocs\bankapp\index.php(37): CodeIgniter\CodeIgniter->run()
#4 {main}
CRITICAL - 2022-03-03 15:13:51 --> Undefined variable: main_content
#0 D:\Soft\xamp\htdocs\bankapp\app\Views\layout\layout.php(133): CodeIgniter\Debug\Exceptions->errorHandler(8, 'Undefined varia...', 'D:\\Soft\\xamp\\ht...', 133, Array)
#1 D:\Soft\xamp\htdocs\bankapp\system\View\View.php(210): include('D:\\Soft\\xamp\\ht...')
#2 D:\Soft\xamp\htdocs\bankapp\system\View\View.php(213): CodeIgniter\View\View->CodeIgniter\View\{closure}()
#3 D:\Soft\xamp\htdocs\bankapp\system\Common.php(1089): CodeIgniter\View\View->render('layout/layout', Array, true)
#4 D:\Soft\xamp\htdocs\bankapp\app\Controllers\Dashboard.php(23): view('layout/layout', Array)
#5 D:\Soft\xamp\htdocs\bankapp\system\CodeIgniter.php(832): App\Controllers\Dashboard->index()
#6 D:\Soft\xamp\htdocs\bankapp\system\CodeIgniter.php(419): CodeIgniter\CodeIgniter->runController(Object(App\Controllers\Dashboard))
#7 D:\Soft\xamp\htdocs\bankapp\system\CodeIgniter.php(326): CodeIgniter\CodeIgniter->handleRequest(NULL, Object(Config\Cache), false)
#8 D:\Soft\xamp\htdocs\bankapp\index.php(37): CodeIgniter\CodeIgniter->run()
#9 {main}
