CRITICAL - 2022-03-05 10:15:31 --> Undefined property: CodeIgniter\View\View::$request
#0 D:\Soft\xamp\htdocs\bankapp\app\Views\layout\layout.php(108): CodeIgniter\Debug\Exceptions->errorHandler(8, 'Undefined prope...', 'D:\\Soft\\xamp\\ht...', 108, Array)
#1 D:\Soft\xamp\htdocs\bankapp\system\View\View.php(210): include('D:\\Soft\\xamp\\ht...')
#2 D:\Soft\xamp\htdocs\bankapp\system\View\View.php(213): CodeIgniter\View\View->CodeIgniter\View\{closure}()
#3 D:\Soft\xamp\htdocs\bankapp\system\Common.php(1089): CodeIgniter\View\View->render('layout/layout', Array, true)
#4 D:\Soft\xamp\htdocs\bankapp\app\Controllers\Deposit.php(24): view('layout/layout', Array)
#5 D:\Soft\xamp\htdocs\bankapp\system\CodeIgniter.php(832): App\Controllers\Deposit->index()
#6 D:\Soft\xamp\htdocs\bankapp\system\CodeIgniter.php(419): CodeIgniter\CodeIgniter->runController(Object(App\Controllers\Deposit))
#7 D:\Soft\xamp\htdocs\bankapp\system\CodeIgniter.php(326): CodeIgniter\CodeIgniter->handleRequest(NULL, Object(Config\Cache), false)
#8 D:\Soft\xamp\htdocs\bankapp\index.php(37): CodeIgniter\CodeIgniter->run()
#9 {main}
CRITICAL - 2022-03-05 10:53:00 --> Undefined variable: rname
#0 D:\Soft\xamp\htdocs\bankapp\app\Controllers\Deposit.php(25): CodeIgniter\Debug\Exceptions->errorHandler(8, 'Undefined varia...', 'D:\\Soft\\xamp\\ht...', 25, Array)
#1 D:\Soft\xamp\htdocs\bankapp\system\CodeIgniter.php(832): App\Controllers\Deposit->DepositAmount()
#2 D:\Soft\xamp\htdocs\bankapp\system\CodeIgniter.php(419): CodeIgniter\CodeIgniter->runController(Object(App\Controllers\Deposit))
#3 D:\Soft\xamp\htdocs\bankapp\system\CodeIgniter.php(326): CodeIgniter\CodeIgniter->handleRequest(NULL, Object(Config\Cache), false)
#4 D:\Soft\xamp\htdocs\bankapp\index.php(37): CodeIgniter\CodeIgniter->run()
#5 {main}
CRITICAL - 2022-03-05 10:53:23 --> Undefined variable: userdb
#0 D:\Soft\xamp\htdocs\bankapp\app\Controllers\Deposit.php(29): CodeIgniter\Debug\Exceptions->errorHandler(8, 'Undefined varia...', 'D:\\Soft\\xamp\\ht...', 29, Array)
#1 D:\Soft\xamp\htdocs\bankapp\system\CodeIgniter.php(832): App\Controllers\Deposit->DepositAmount()
#2 D:\Soft\xamp\htdocs\bankapp\system\CodeIgniter.php(419): CodeIgniter\CodeIgniter->runController(Object(App\Controllers\Deposit))
#3 D:\Soft\xamp\htdocs\bankapp\system\CodeIgniter.php(326): CodeIgniter\CodeIgniter->handleRequest(NULL, Object(Config\Cache), false)
#4 D:\Soft\xamp\htdocs\bankapp\index.php(37): CodeIgniter\CodeIgniter->run()
#5 {main}
CRITICAL - 2022-03-05 10:55:35 --> Undefined variable: userdb
#0 D:\Soft\xamp\htdocs\bankapp\app\Controllers\Deposit.php(29): CodeIgniter\Debug\Exceptions->errorHandler(8, 'Undefined varia...', 'D:\\Soft\\xamp\\ht...', 29, Array)
#1 D:\Soft\xamp\htdocs\bankapp\system\CodeIgniter.php(832): App\Controllers\Deposit->DepositAmount()
#2 D:\Soft\xamp\htdocs\bankapp\system\CodeIgniter.php(419): CodeIgniter\CodeIgniter->runController(Object(App\Controllers\Deposit))
#3 D:\Soft\xamp\htdocs\bankapp\system\CodeIgniter.php(326): CodeIgniter\CodeIgniter->handleRequest(NULL, Object(Config\Cache), false)
#4 D:\Soft\xamp\htdocs\bankapp\index.php(37): CodeIgniter\CodeIgniter->run()
#5 {main}
ERROR - 2022-03-05 10:56:17 --> Unknown column 'amount' in 'field list'
CRITICAL - 2022-03-05 10:56:17 --> Unknown column 'amount' in 'field list'
#0 D:\Soft\xamp\htdocs\bankapp\system\Database\MySQLi\Connection.php(292): mysqli->query('INSERT INTO `tr...', 0)
#1 D:\Soft\xamp\htdocs\bankapp\system\Database\BaseConnection.php(670): CodeIgniter\Database\MySQLi\Connection->execute('INSERT INTO `tr...')
#2 D:\Soft\xamp\htdocs\bankapp\system\Database\BaseConnection.php(598): CodeIgniter\Database\BaseConnection->simpleQuery('INSERT INTO `tr...')
#3 D:\Soft\xamp\htdocs\bankapp\system\Database\BaseBuilder.php(1771): CodeIgniter\Database\BaseConnection->query('INSERT INTO `tr...', Array, false)
#4 D:\Soft\xamp\htdocs\bankapp\app\Models\Userdb.php(30): CodeIgniter\Database\BaseBuilder->insert(Array)
#5 D:\Soft\xamp\htdocs\bankapp\app\Controllers\Deposit.php(30): App\Models\Userdb->depositamnt(Array)
#6 D:\Soft\xamp\htdocs\bankapp\system\CodeIgniter.php(832): App\Controllers\Deposit->DepositAmount()
#7 D:\Soft\xamp\htdocs\bankapp\system\CodeIgniter.php(419): CodeIgniter\CodeIgniter->runController(Object(App\Controllers\Deposit))
#8 D:\Soft\xamp\htdocs\bankapp\system\CodeIgniter.php(326): CodeIgniter\CodeIgniter->handleRequest(NULL, Object(Config\Cache), false)
#9 D:\Soft\xamp\htdocs\bankapp\index.php(37): CodeIgniter\CodeIgniter->run()
#10 {main}
CRITICAL - 2022-03-05 11:05:39 --> syntax error, unexpected ')'
#0 D:\Soft\xamp\htdocs\bankapp\system\Router\Router.php(175): CodeIgniter\Router\Router->autoRoute('deposit')
#1 D:\Soft\xamp\htdocs\bankapp\system\CodeIgniter.php(726): CodeIgniter\Router\Router->handle('deposit')
#2 D:\Soft\xamp\htdocs\bankapp\system\CodeIgniter.php(368): CodeIgniter\CodeIgniter->tryToRouteIt(Object(CodeIgniter\Router\RouteCollection))
#3 D:\Soft\xamp\htdocs\bankapp\system\CodeIgniter.php(326): CodeIgniter\CodeIgniter->handleRequest(NULL, Object(Config\Cache), false)
#4 D:\Soft\xamp\htdocs\bankapp\index.php(37): CodeIgniter\CodeIgniter->run()
#5 {main}
CRITICAL - 2022-03-05 11:06:08 --> Cannot use isset() on the result of an expression (you can use "null !== expression" instead)
#0 [internal function]: CodeIgniter\Debug\Exceptions->shutdownHandler()
#1 {main}
CRITICAL - 2022-03-05 11:07:15 --> Cannot use isset() on the result of an expression (you can use "null !== expression" instead)
#0 [internal function]: CodeIgniter\Debug\Exceptions->shutdownHandler()
#1 {main}
CRITICAL - 2022-03-05 11:11:26 --> Undefined variable: submit
#0 D:\Soft\xamp\htdocs\bankapp\app\Controllers\Deposit.php(12): CodeIgniter\Debug\Exceptions->errorHandler(8, 'Undefined varia...', 'D:\\Soft\\xamp\\ht...', 12, Array)
#1 D:\Soft\xamp\htdocs\bankapp\system\CodeIgniter.php(832): App\Controllers\Deposit->index()
#2 D:\Soft\xamp\htdocs\bankapp\system\CodeIgniter.php(419): CodeIgniter\CodeIgniter->runController(Object(App\Controllers\Deposit))
#3 D:\Soft\xamp\htdocs\bankapp\system\CodeIgniter.php(326): CodeIgniter\CodeIgniter->handleRequest(NULL, Object(Config\Cache), false)
#4 D:\Soft\xamp\htdocs\bankapp\index.php(37): CodeIgniter\CodeIgniter->run()
#5 {main}
CRITICAL - 2022-03-05 11:54:48 --> Undefined variable: transaction
#0 D:\Soft\xamp\htdocs\bankapp\app\Views\layout\layout.php(225): CodeIgniter\Debug\Exceptions->errorHandler(8, 'Undefined varia...', 'D:\\Soft\\xamp\\ht...', 225, Array)
#1 D:\Soft\xamp\htdocs\bankapp\system\View\View.php(210): include('D:\\Soft\\xamp\\ht...')
#2 D:\Soft\xamp\htdocs\bankapp\system\View\View.php(213): CodeIgniter\View\View->CodeIgniter\View\{closure}()
#3 D:\Soft\xamp\htdocs\bankapp\system\Common.php(1089): CodeIgniter\View\View->render('layout/layout', Array, true)
#4 D:\Soft\xamp\htdocs\bankapp\app\Controllers\Dashboard.php(23): view('layout/layout', Array)
#5 D:\Soft\xamp\htdocs\bankapp\system\CodeIgniter.php(832): App\Controllers\Dashboard->index()
#6 D:\Soft\xamp\htdocs\bankapp\system\CodeIgniter.php(419): CodeIgniter\CodeIgniter->runController(Object(App\Controllers\Dashboard))
#7 D:\Soft\xamp\htdocs\bankapp\system\CodeIgniter.php(326): CodeIgniter\CodeIgniter->handleRequest(NULL, Object(Config\Cache), false)
#8 D:\Soft\xamp\htdocs\bankapp\index.php(37): CodeIgniter\CodeIgniter->run()
#9 {main}
CRITICAL - 2022-03-05 14:01:51 --> Undefined property: stdClass::$amount
#0 D:\Soft\xamp\htdocs\bankapp\app\Controllers\Deposit.php(29): CodeIgniter\Debug\Exceptions->errorHandler(8, 'Undefined prope...', 'D:\\Soft\\xamp\\ht...', 29, Array)
#1 D:\Soft\xamp\htdocs\bankapp\system\CodeIgniter.php(832): App\Controllers\Deposit->index()
#2 D:\Soft\xamp\htdocs\bankapp\system\CodeIgniter.php(419): CodeIgniter\CodeIgniter->runController(Object(App\Controllers\Deposit))
#3 D:\Soft\xamp\htdocs\bankapp\system\CodeIgniter.php(326): CodeIgniter\CodeIgniter->handleRequest(NULL, Object(Config\Cache), false)
#4 D:\Soft\xamp\htdocs\bankapp\index.php(37): CodeIgniter\CodeIgniter->run()
#5 {main}
CRITICAL - 2022-03-05 14:05:48 --> Undefined property: stdClass::$amount
#0 D:\Soft\xamp\htdocs\bankapp\app\Controllers\Deposit.php(29): CodeIgniter\Debug\Exceptions->errorHandler(8, 'Undefined prope...', 'D:\\Soft\\xamp\\ht...', 29, Array)
#1 D:\Soft\xamp\htdocs\bankapp\system\CodeIgniter.php(832): App\Controllers\Deposit->index()
#2 D:\Soft\xamp\htdocs\bankapp\system\CodeIgniter.php(419): CodeIgniter\CodeIgniter->runController(Object(App\Controllers\Deposit))
#3 D:\Soft\xamp\htdocs\bankapp\system\CodeIgniter.php(326): CodeIgniter\CodeIgniter->handleRequest(NULL, Object(Config\Cache), false)
#4 D:\Soft\xamp\htdocs\bankapp\index.php(37): CodeIgniter\CodeIgniter->run()
#5 {main}
CRITICAL - 2022-03-05 14:09:22 --> Undefined index: amount
#0 D:\Soft\xamp\htdocs\bankapp\app\Models\Userdb.php(35): CodeIgniter\Debug\Exceptions->errorHandler(8, 'Undefined index...', 'D:\\Soft\\xamp\\ht...', 35, Array)
#1 D:\Soft\xamp\htdocs\bankapp\app\Controllers\Deposit.php(37): App\Models\Userdb->update_useramnt(Array)
#2 D:\Soft\xamp\htdocs\bankapp\system\CodeIgniter.php(832): App\Controllers\Deposit->index()
#3 D:\Soft\xamp\htdocs\bankapp\system\CodeIgniter.php(419): CodeIgniter\CodeIgniter->runController(Object(App\Controllers\Deposit))
#4 D:\Soft\xamp\htdocs\bankapp\system\CodeIgniter.php(326): CodeIgniter\CodeIgniter->handleRequest(NULL, Object(Config\Cache), false)
#5 D:\Soft\xamp\htdocs\bankapp\index.php(37): CodeIgniter\CodeIgniter->run()
#6 {main}
CRITICAL - 2022-03-05 14:10:22 --> Call to undefined method CodeIgniter\Database\MySQLi\Connection::where()
#0 D:\Soft\xamp\htdocs\bankapp\app\Controllers\Deposit.php(37): App\Models\Userdb->update_useramnt(Array)
#1 D:\Soft\xamp\htdocs\bankapp\system\CodeIgniter.php(832): App\Controllers\Deposit->index()
#2 D:\Soft\xamp\htdocs\bankapp\system\CodeIgniter.php(419): CodeIgniter\CodeIgniter->runController(Object(App\Controllers\Deposit))
#3 D:\Soft\xamp\htdocs\bankapp\system\CodeIgniter.php(326): CodeIgniter\CodeIgniter->handleRequest(NULL, Object(Config\Cache), false)
#4 D:\Soft\xamp\htdocs\bankapp\index.php(37): CodeIgniter\CodeIgniter->run()
#5 {main}
CRITICAL - 2022-03-05 15:09:07 --> Undefined index: user_id_to
#0 D:\Soft\xamp\htdocs\bankapp\app\Models\Userdb.php(42): CodeIgniter\Debug\Exceptions->errorHandler(8, 'Undefined index...', 'D:\\Soft\\xamp\\ht...', 42, Array)
#1 D:\Soft\xamp\htdocs\bankapp\app\Controllers\Deposit.php(100): App\Models\Userdb->update_useramnt(Array)
#2 D:\Soft\xamp\htdocs\bankapp\system\CodeIgniter.php(832): App\Controllers\Deposit->transfer()
#3 D:\Soft\xamp\htdocs\bankapp\system\CodeIgniter.php(419): CodeIgniter\CodeIgniter->runController(Object(App\Controllers\Deposit))
#4 D:\Soft\xamp\htdocs\bankapp\system\CodeIgniter.php(326): CodeIgniter\CodeIgniter->handleRequest(NULL, Object(Config\Cache), false)
#5 D:\Soft\xamp\htdocs\bankapp\index.php(37): CodeIgniter\CodeIgniter->run()
#6 {main}
CRITICAL - 2022-03-05 15:38:27 --> Undefined variable: amount
#0 D:\Soft\xamp\htdocs\bankapp\app\Controllers\Deposit.php(56): CodeIgniter\Debug\Exceptions->errorHandler(8, 'Undefined varia...', 'D:\\Soft\\xamp\\ht...', 56, Array)
#1 D:\Soft\xamp\htdocs\bankapp\system\CodeIgniter.php(832): App\Controllers\Deposit->withdraw()
#2 D:\Soft\xamp\htdocs\bankapp\system\CodeIgniter.php(419): CodeIgniter\CodeIgniter->runController(Object(App\Controllers\Deposit))
#3 D:\Soft\xamp\htdocs\bankapp\system\CodeIgniter.php(326): CodeIgniter\CodeIgniter->handleRequest(NULL, Object(Config\Cache), false)
#4 D:\Soft\xamp\htdocs\bankapp\index.php(37): CodeIgniter\CodeIgniter->run()
#5 {main}
CRITICAL - 2022-03-05 15:39:53 --> Undefined variable: get_user
#0 D:\Soft\xamp\htdocs\bankapp\app\Controllers\Deposit.php(55): CodeIgniter\Debug\Exceptions->errorHandler(8, 'Undefined varia...', 'D:\\Soft\\xamp\\ht...', 55, Array)
#1 D:\Soft\xamp\htdocs\bankapp\system\CodeIgniter.php(832): App\Controllers\Deposit->withdraw()
#2 D:\Soft\xamp\htdocs\bankapp\system\CodeIgniter.php(419): CodeIgniter\CodeIgniter->runController(Object(App\Controllers\Deposit))
#3 D:\Soft\xamp\htdocs\bankapp\system\CodeIgniter.php(326): CodeIgniter\CodeIgniter->handleRequest(NULL, Object(Config\Cache), false)
#4 D:\Soft\xamp\htdocs\bankapp\index.php(37): CodeIgniter\CodeIgniter->run()
#5 {main}
CRITICAL - 2022-03-05 15:40:53 --> Undefined variable: amount
#0 D:\Soft\xamp\htdocs\bankapp\app\Controllers\Deposit.php(58): CodeIgniter\Debug\Exceptions->errorHandler(8, 'Undefined varia...', 'D:\\Soft\\xamp\\ht...', 58, Array)
#1 D:\Soft\xamp\htdocs\bankapp\system\CodeIgniter.php(832): App\Controllers\Deposit->withdraw()
#2 D:\Soft\xamp\htdocs\bankapp\system\CodeIgniter.php(419): CodeIgniter\CodeIgniter->runController(Object(App\Controllers\Deposit))
#3 D:\Soft\xamp\htdocs\bankapp\system\CodeIgniter.php(326): CodeIgniter\CodeIgniter->handleRequest(NULL, Object(Config\Cache), false)
#4 D:\Soft\xamp\htdocs\bankapp\index.php(37): CodeIgniter\CodeIgniter->run()
#5 {main}
CRITICAL - 2022-03-05 15:42:32 --> Undefined variable: amount
#0 D:\Soft\xamp\htdocs\bankapp\app\Controllers\Deposit.php(58): CodeIgniter\Debug\Exceptions->errorHandler(8, 'Undefined varia...', 'D:\\Soft\\xamp\\ht...', 58, Array)
#1 D:\Soft\xamp\htdocs\bankapp\system\CodeIgniter.php(832): App\Controllers\Deposit->withdraw()
#2 D:\Soft\xamp\htdocs\bankapp\system\CodeIgniter.php(419): CodeIgniter\CodeIgniter->runController(Object(App\Controllers\Deposit))
#3 D:\Soft\xamp\htdocs\bankapp\system\CodeIgniter.php(326): CodeIgniter\CodeIgniter->handleRequest(NULL, Object(Config\Cache), false)
#4 D:\Soft\xamp\htdocs\bankapp\index.php(37): CodeIgniter\CodeIgniter->run()
#5 {main}
CRITICAL - 2022-03-05 23:02:38 --> Call to undefined method CodeIgniter\Database\MySQLi\Connection::getRow()
#0 D:\Soft\xamp\htdocs\bankapp\app\Controllers\Deposit.php(107): App\Models\Userdb->get_user_byuser('rr')
#1 D:\Soft\xamp\htdocs\bankapp\system\CodeIgniter.php(832): App\Controllers\Deposit->transfer()
#2 D:\Soft\xamp\htdocs\bankapp\system\CodeIgniter.php(419): CodeIgniter\CodeIgniter->runController(Object(App\Controllers\Deposit))
#3 D:\Soft\xamp\htdocs\bankapp\system\CodeIgniter.php(326): CodeIgniter\CodeIgniter->handleRequest(NULL, Object(Config\Cache), false)
#4 D:\Soft\xamp\htdocs\bankapp\index.php(37): CodeIgniter\CodeIgniter->run()
#5 {main}
CRITICAL - 2022-03-05 23:06:40 --> Call to undefined method CodeIgniter\Database\MySQLi\Builder::getRow()
#0 D:\Soft\xamp\htdocs\bankapp\app\Controllers\Deposit.php(107): App\Models\Userdb->get_user_byuser('rr')
#1 D:\Soft\xamp\htdocs\bankapp\system\CodeIgniter.php(832): App\Controllers\Deposit->transfer()
#2 D:\Soft\xamp\htdocs\bankapp\system\CodeIgniter.php(419): CodeIgniter\CodeIgniter->runController(Object(App\Controllers\Deposit))
#3 D:\Soft\xamp\htdocs\bankapp\system\CodeIgniter.php(326): CodeIgniter\CodeIgniter->handleRequest(NULL, Object(Config\Cache), false)
#4 D:\Soft\xamp\htdocs\bankapp\index.php(37): CodeIgniter\CodeIgniter->run()
#5 {main}
CRITICAL - 2022-03-05 23:18:18 --> Call to undefined method CodeIgniter\Database\MySQLi\Result::countResultAll()
#0 D:\Soft\xamp\htdocs\bankapp\app\Controllers\Deposit.php(107): App\Models\Userdb->get_user_byuser('rr')
#1 D:\Soft\xamp\htdocs\bankapp\system\CodeIgniter.php(832): App\Controllers\Deposit->transfer()
#2 D:\Soft\xamp\htdocs\bankapp\system\CodeIgniter.php(419): CodeIgniter\CodeIgniter->runController(Object(App\Controllers\Deposit))
#3 D:\Soft\xamp\htdocs\bankapp\system\CodeIgniter.php(326): CodeIgniter\CodeIgniter->handleRequest(NULL, Object(Config\Cache), false)
#4 D:\Soft\xamp\htdocs\bankapp\index.php(37): CodeIgniter\CodeIgniter->run()
#5 {main}
CRITICAL - 2022-03-05 23:19:48 --> Call to undefined method CodeIgniter\Database\MySQLi\Builder::getRow()
#0 D:\Soft\xamp\htdocs\bankapp\app\Controllers\Deposit.php(107): App\Models\Userdb->get_user_byuser('rr')
#1 D:\Soft\xamp\htdocs\bankapp\system\CodeIgniter.php(832): App\Controllers\Deposit->transfer()
#2 D:\Soft\xamp\htdocs\bankapp\system\CodeIgniter.php(419): CodeIgniter\CodeIgniter->runController(Object(App\Controllers\Deposit))
#3 D:\Soft\xamp\htdocs\bankapp\system\CodeIgniter.php(326): CodeIgniter\CodeIgniter->handleRequest(NULL, Object(Config\Cache), false)
#4 D:\Soft\xamp\htdocs\bankapp\index.php(37): CodeIgniter\CodeIgniter->run()
#5 {main}
